# JRE version: OpenJDK Runtime Environment (21.0.8) (build 21.0.8+-14196175-b1038.72)
# Java VM: OpenJDK 64-Bit Server VM (21.0.8+-14196175-b1038.72, mixed mode, tiered, compressed oops, compressed class ptrs, g1 gc, windows-amd64)
GC Precious Log:
 CardTable entry size: 512
 Card Set container configuration: InlinePtr #cards 5 size 8 Array Of Cards #cards 12 size 40 Howl #buckets 4 coarsen threshold 1843 Howl Bitmap #cards 512 size 80 coarsen threshold 460 Card regions per heap region 1 cards per card region 2048
 CPUs: 8 total, 8 available
 Memory: 8139M
 Large Page Support: Disabled
 NUMA Support: Disabled
 Compressed Oops: Enabled (32-bit)
 Heap Region Size: 1M
 Heap Min Capacity: 8M
 Heap Initial Capacity: 128M
 Heap Max Capacity: 2G
 Pre-touch: Disabled
 Parallel Workers: 8
 Concurrent Workers: 2
 Concurrent Refinement Workers: 8
 Periodic GC: Disabled
Heap:
 garbage-first heap   total 402432K, used 223372K [0x0000000080000000, 0x0000000100000000)
  region size 1024K, 19 young (19456K), 5 survivors (5120K)
 Metaspace       used 151991K, committed 155392K, reserved 1245184K
  class space    used 20740K, committed 22592K, reserved 1048576K
GC Heap History (20 events):
Event: 3008.047 GC heap before
{Heap before GC invocations=97 (full 0):
 garbage-first heap   total 380928K, used 268875K [0x0000000080000000, 0x0000000100000000)
  region size 1024K, 72 young (73728K), 9 survivors (9216K)
 Metaspace       used 150917K, committed 155264K, reserved 1245184K
  class space    used 20688K, committed 22592K, reserved 1048576K
}
Event: 3008.131 GC heap after
{Heap after GC invocations=98 (full 0):
 garbage-first heap   total 380928K, used 212992K [0x0000000080000000, 0x0000000100000000)
  region size 1024K, 9 young (9216K), 9 survivors (9216K)
 Metaspace       used 150917K, committed 155264K, reserved 1245184K
  class space    used 20688K, committed 22592K, reserved 1048576K
}
Event: 3072.170 GC heap before
{Heap before GC invocations=98 (full 0):
 garbage-first heap   total 380928K, used 319488K [0x0000000080000000, 0x0000000100000000)
  region size 1024K, 114 young (116736K), 9 survivors (9216K)
 Metaspace       used 151002K, committed 155264K, reserved 1245184K
  class space    used 20688K, committed 22592K, reserved 1048576K
}
Event: 3072.247 GC heap after
{Heap after GC invocations=99 (full 0):
 garbage-first heap   total 380928K, used 215269K [0x0000000080000000, 0x0000000100000000)
  region size 1024K, 3 young (3072K), 3 survivors (3072K)
 Metaspace       used 151002K, committed 155264K, reserved 1245184K
  class space    used 20688K, committed 22592K, reserved 1048576K
}
Event: 3074.631 GC heap before
{Heap before GC invocations=99 (full 0):
 garbage-first heap   total 380928K, used 254181K [0x0000000080000000, 0x0000000100000000)
  region size 1024K, 43 young (44032K), 3 survivors (3072K)
 Metaspace       used 151038K, committed 155264K, reserved 1245184K
  class space    used 20688K, committed 22592K, reserved 1048576K
}
Event: 3074.684 GC heap after
{Heap after GC invocations=100 (full 0):
 garbage-first heap   total 380928K, used 217649K [0x0000000080000000, 0x0000000100000000)
  region size 1024K, 6 young (6144K), 6 survivors (6144K)
 Metaspace       used 151038K, committed 155264K, reserved 1245184K
  class space    used 20688K, committed 22592K, reserved 1048576K
}
Event: 3118.064 GC heap before
{Heap before GC invocations=101 (full 0):
 garbage-first heap   total 380928K, used 378417K [0x0000000080000000, 0x0000000100000000)
  region size 1024K, 127 young (130048K), 6 survivors (6144K)
 Metaspace       used 151214K, committed 155328K, reserved 1245184K
  class space    used 20689K, committed 22592K, reserved 1048576K
}
Event: 3118.136 GC heap after
{Heap after GC invocations=102 (full 0):
 garbage-first heap   total 395264K, used 213221K [0x0000000080000000, 0x0000000100000000)
  region size 1024K, 14 young (14336K), 14 survivors (14336K)
 Metaspace       used 151214K, committed 155328K, reserved 1245184K
  class space    used 20689K, committed 22592K, reserved 1048576K
}
Event: 3226.404 GC heap before
{Heap before GC invocations=102 (full 0):
 garbage-first heap   total 395264K, used 359653K [0x0000000080000000, 0x0000000100000000)
  region size 1024K, 157 young (160768K), 14 survivors (14336K)
 Metaspace       used 151429K, committed 155328K, reserved 1245184K
  class space    used 20693K, committed 22592K, reserved 1048576K
}
Event: 3226.545 GC heap after
{Heap after GC invocations=103 (full 0):
 garbage-first heap   total 395264K, used 195956K [0x0000000080000000, 0x0000000100000000)
  region size 1024K, 14 young (14336K), 14 survivors (14336K)
 Metaspace       used 151429K, committed 155328K, reserved 1245184K
  class space    used 20693K, committed 22592K, reserved 1048576K
}
Event: 3268.630 GC heap before
{Heap before GC invocations=103 (full 0):
 garbage-first heap   total 395264K, used 333172K [0x0000000080000000, 0x0000000100000000)
  region size 1024K, 149 young (152576K), 14 survivors (14336K)
 Metaspace       used 151499K, committed 155328K, reserved 1245184K
  class space    used 20697K, committed 22592K, reserved 1048576K
}
Event: 3268.813 GC heap after
{Heap after GC invocations=104 (full 0):
 garbage-first heap   total 395264K, used 198954K [0x0000000080000000, 0x0000000100000000)
  region size 1024K, 11 young (11264K), 11 survivors (11264K)
 Metaspace       used 151499K, committed 155328K, reserved 1245184K
  class space    used 20697K, committed 22592K, reserved 1048576K
}
Event: 3364.677 GC heap before
{Heap before GC invocations=104 (full 0):
 garbage-first heap   total 395264K, used 359722K [0x0000000080000000, 0x0000000100000000)
  region size 1024K, 119 young (121856K), 11 survivors (11264K)
 Metaspace       used 151627K, committed 155328K, reserved 1245184K
  class space    used 20703K, committed 22592K, reserved 1048576K
}
Event: 3364.778 GC heap after
{Heap after GC invocations=105 (full 0):
 garbage-first heap   total 395264K, used 201471K [0x0000000080000000, 0x0000000100000000)
  region size 1024K, 8 young (8192K), 8 survivors (8192K)
 Metaspace       used 151627K, committed 155328K, reserved 1245184K
  class space    used 20703K, committed 22592K, reserved 1048576K
}
Event: 3507.866 GC heap before
{Heap before GC invocations=105 (full 0):
 garbage-first heap   total 395264K, used 378623K [0x0000000080000000, 0x0000000100000000)
  region size 1024K, 134 young (137216K), 8 survivors (8192K)
 Metaspace       used 151777K, committed 155328K, reserved 1245184K
  class space    used 20709K, committed 22592K, reserved 1048576K
}
Event: 3508.171 GC heap after
{Heap after GC invocations=106 (full 0):
 garbage-first heap   total 402432K, used 207872K [0x0000000080000000, 0x0000000100000000)
  region size 1024K, 17 young (17408K), 17 survivors (17408K)
 Metaspace       used 151777K, committed 155328K, reserved 1245184K
  class space    used 20709K, committed 22592K, reserved 1048576K
}
Event: 3508.202 GC heap before
{Heap before GC invocations=106 (full 0):
 garbage-first heap   total 402432K, used 209920K [0x0000000080000000, 0x0000000100000000)
  region size 1024K, 19 young (19456K), 17 survivors (17408K)
 Metaspace       used 151777K, committed 155328K, reserved 1245184K
  class space    used 20709K, committed 22592K, reserved 1048576K
}
Event: 3508.517 GC heap after
{Heap after GC invocations=107 (full 0):
 garbage-first heap   total 402432K, used 206119K [0x0000000080000000, 0x0000000100000000)
  region size 1024K, 2 young (2048K), 2 survivors (2048K)
 Metaspace       used 151777K, committed 155328K, reserved 1245184K
  class space    used 20709K, committed 22592K, reserved 1048576K
}
Event: 3512.796 GC heap before
{Heap before GC invocations=107 (full 0):
 garbage-first heap   total 402432K, used 256295K [0x0000000080000000, 0x0000000100000000)
  region size 1024K, 53 young (54272K), 2 survivors (2048K)
 Metaspace       used 151920K, committed 155328K, reserved 1245184K
  class space    used 20737K, committed 22592K, reserved 1048576K
}
Event: 3512.830 GC heap after
{Heap after GC invocations=108 (full 0):
 garbage-first heap   total 402432K, used 209036K [0x0000000080000000, 0x0000000100000000)
  region size 1024K, 5 young (5120K), 5 survivors (5120K)
 Metaspace       used 151920K, committed 155328K, reserved 1245184K
  class space    used 20737K, committed 22592K, reserved 1048576K
}

