# JRE version: OpenJDK Runtime Environment (21.0.8) (build 21.0.8+-14196175-b1038.72)
# Java VM: OpenJDK 64-Bit Server VM (21.0.8+-14196175-b1038.72, mixed mode, tiered, compressed oops, compressed class ptrs, g1 gc, windows-amd64)
GC Precious Log:
 CardTable entry size: 512
 Card Set container configuration: InlinePtr #cards 5 size 8 Array Of Cards #cards 12 size 40 Howl #buckets 4 coarsen threshold 1843 Howl Bitmap #cards 512 size 80 coarsen threshold 460 Card regions per heap region 1 cards per card region 2048
 CPUs: 8 total, 8 available
 Memory: 8139M
 Large Page Support: Disabled
 NUMA Support: Disabled
 Compressed Oops: Enabled (32-bit)
 Heap Region Size: 1M
 Heap Min Capacity: 8M
 Heap Initial Capacity: 128M
 Heap Max Capacity: 2G
 Pre-touch: Disabled
 Parallel Workers: 8
 Concurrent Workers: 2
 Concurrent Refinement Workers: 8
 Periodic GC: Disabled
Heap:
 garbage-first heap   total 452608K, used 225969K [0x0000000080000000, 0x0000000100000000)
  region size 1024K, 11 young (11264K), 7 survivors (7168K)
 Metaspace       used 152799K, committed 154240K, reserved 1245184K
  class space    used 20969K, committed 21696K, reserved 1048576K
GC Heap History (20 events):
Event: 4607.940 GC heap before
{Heap before GC invocations=87 (full 0):
 garbage-first heap   total 418816K, used 381173K [0x0000000080000000, 0x0000000100000000)
  region size 1024K, 168 young (172032K), 14 survivors (14336K)
 Metaspace       used 151805K, committed 153280K, reserved 1245184K
  class space    used 20989K, committed 21696K, reserved 1048576K
}
Event: 4608.013 GC heap after
{Heap after GC invocations=88 (full 0):
 garbage-first heap   total 418816K, used 220630K [0x0000000080000000, 0x0000000100000000)
  region size 1024K, 7 young (7168K), 7 survivors (7168K)
 Metaspace       used 151805K, committed 153280K, reserved 1245184K
  class space    used 20989K, committed 21696K, reserved 1048576K
}
Event: 5268.309 GC heap before
{Heap before GC invocations=88 (full 0):
 garbage-first heap   total 418816K, used 417238K [0x0000000080000000, 0x0000000100000000)
  region size 1024K, 150 young (153600K), 7 survivors (7168K)
 Metaspace       used 152101K, committed 153600K, reserved 1245184K
  class space    used 20996K, committed 21696K, reserved 1048576K
}
Event: 5268.503 GC heap after
{Heap after GC invocations=89 (full 0):
 garbage-first heap   total 438272K, used 225279K [0x0000000080000000, 0x0000000100000000)
  region size 1024K, 13 young (13312K), 13 survivors (13312K)
 Metaspace       used 152101K, committed 153600K, reserved 1245184K
  class space    used 20996K, committed 21696K, reserved 1048576K
}
Event: 5305.333 GC heap before
{Heap before GC invocations=89 (full 0):
 garbage-first heap   total 438272K, used 400383K [0x0000000080000000, 0x0000000100000000)
  region size 1024K, 185 young (189440K), 13 survivors (13312K)
 Metaspace       used 152215K, committed 153664K, reserved 1245184K
  class space    used 20996K, committed 21696K, reserved 1048576K
}
Event: 5305.571 GC heap after
{Heap after GC invocations=90 (full 0):
 garbage-first heap   total 438272K, used 240296K [0x0000000080000000, 0x0000000100000000)
  region size 1024K, 24 young (24576K), 24 survivors (24576K)
 Metaspace       used 152215K, committed 153664K, reserved 1245184K
  class space    used 20996K, committed 21696K, reserved 1048576K
}
Event: 5306.886 GC heap before
{Heap before GC invocations=90 (full 0):
 garbage-first heap   total 438272K, used 335528K [0x0000000080000000, 0x0000000100000000)
  region size 1024K, 118 young (120832K), 24 survivors (24576K)
 Metaspace       used 152234K, committed 153664K, reserved 1245184K
  class space    used 20996K, committed 21696K, reserved 1048576K
}
Event: 5307.006 GC heap after
{Heap after GC invocations=91 (full 0):
 garbage-first heap   total 438272K, used 242907K [0x0000000080000000, 0x0000000100000000)
  region size 1024K, 6 young (6144K), 6 survivors (6144K)
 Metaspace       used 152234K, committed 153664K, reserved 1245184K
  class space    used 20996K, committed 21696K, reserved 1048576K
}
Event: 5314.759 GC heap before
{Heap before GC invocations=92 (full 0):
 garbage-first heap   total 448512K, used 444635K [0x0000000080000000, 0x0000000100000000)
  region size 1024K, 166 young (169984K), 6 survivors (6144K)
 Metaspace       used 152183K, committed 153728K, reserved 1245184K
  class space    used 20960K, committed 21696K, reserved 1048576K
}
Event: 5314.777 GC heap after
{Heap after GC invocations=93 (full 0):
 garbage-first heap   total 449536K, used 227741K [0x0000000080000000, 0x0000000100000000)
  region size 1024K, 3 young (3072K), 3 survivors (3072K)
 Metaspace       used 152183K, committed 153728K, reserved 1245184K
  class space    used 20960K, committed 21696K, reserved 1048576K
}
Event: 5684.091 GC heap before
{Heap before GC invocations=93 (full 0):
 garbage-first heap   total 449536K, used 416157K [0x0000000080000000, 0x0000000100000000)
  region size 1024K, 187 young (191488K), 3 survivors (3072K)
 Metaspace       used 152484K, committed 153920K, reserved 1245184K
  class space    used 20964K, committed 21696K, reserved 1048576K
}
Event: 5684.247 GC heap after
{Heap after GC invocations=94 (full 0):
 garbage-first heap   total 449536K, used 208993K [0x0000000080000000, 0x0000000100000000)
  region size 1024K, 21 young (21504K), 21 survivors (21504K)
 Metaspace       used 152484K, committed 153920K, reserved 1245184K
  class space    used 20964K, committed 21696K, reserved 1048576K
}
Event: 5684.265 GC heap before
{Heap before GC invocations=94 (full 0):
 garbage-first heap   total 449536K, used 210017K [0x0000000080000000, 0x0000000100000000)
  region size 1024K, 22 young (22528K), 21 survivors (21504K)
 Metaspace       used 152488K, committed 153920K, reserved 1245184K
  class space    used 20964K, committed 21696K, reserved 1048576K
}
Event: 5684.419 GC heap after
{Heap after GC invocations=95 (full 0):
 garbage-first heap   total 449536K, used 204800K [0x0000000080000000, 0x0000000100000000)
  region size 1024K, 2 young (2048K), 2 survivors (2048K)
 Metaspace       used 152488K, committed 153920K, reserved 1245184K
  class space    used 20964K, committed 21696K, reserved 1048576K
}
Event: 6202.440 GC heap before
{Heap before GC invocations=95 (full 0):
 garbage-first heap   total 449536K, used 440320K [0x0000000080000000, 0x0000000100000000)
  region size 1024K, 184 young (188416K), 2 survivors (2048K)
 Metaspace       used 152572K, committed 153984K, reserved 1245184K
  class space    used 20965K, committed 21696K, reserved 1048576K
}
Event: 6202.589 GC heap after
{Heap after GC invocations=96 (full 0):
 garbage-first heap   total 452608K, used 202719K [0x0000000080000000, 0x0000000100000000)
  region size 1024K, 3 young (3072K), 3 survivors (3072K)
 Metaspace       used 152572K, committed 153984K, reserved 1245184K
  class space    used 20965K, committed 21696K, reserved 1048576K
}
Event: 6207.187 GC heap before
{Heap before GC invocations=96 (full 0):
 garbage-first heap   total 452608K, used 325599K [0x0000000080000000, 0x0000000100000000)
  region size 1024K, 123 young (125952K), 3 survivors (3072K)
 Metaspace       used 152737K, committed 154176K, reserved 1245184K
  class space    used 20967K, committed 21696K, reserved 1048576K
}
Event: 6207.338 GC heap after
{Heap after GC invocations=97 (full 0):
 garbage-first heap   total 452608K, used 215506K [0x0000000080000000, 0x0000000100000000)
  region size 1024K, 16 young (16384K), 16 survivors (16384K)
 Metaspace       used 152737K, committed 154176K, reserved 1245184K
  class space    used 20967K, committed 21696K, reserved 1048576K
}
Event: 6401.018 GC heap before
{Heap before GC invocations=97 (full 0):
 garbage-first heap   total 452608K, used 292306K [0x0000000080000000, 0x0000000100000000)
  region size 1024K, 93 young (95232K), 16 survivors (16384K)
 Metaspace       used 152778K, committed 154176K, reserved 1245184K
  class space    used 20968K, committed 21696K, reserved 1048576K
}
Event: 6401.141 GC heap after
{Heap after GC invocations=98 (full 0):
 garbage-first heap   total 452608K, used 221873K [0x0000000080000000, 0x0000000100000000)
  region size 1024K, 7 young (7168K), 7 survivors (7168K)
 Metaspace       used 152778K, committed 154176K, reserved 1245184K
  class space    used 20968K, committed 21696K, reserved 1048576K
}

